Performing C SOURCE FILE Test CMAKE_HAVE_LIBC_PTHREAD failed with the following output:
Change Dir: /home/jetson/LinuxVulkan/build/CMakeFiles/CMakeTmp

Run Build Command(s):/usr/bin/make -f Makefile cmTC_35783/fast && /usr/bin/make  -f CMakeFiles/cmTC_35783.dir/build.make CMakeFiles/cmTC_35783.dir/build
make[1]: Entering directory '/home/jetson/LinuxVulkan/build/CMakeFiles/CMakeTmp'
Building C object CMakeFiles/cmTC_35783.dir/src.c.o
/usr/bin/cc -DCMAKE_HAVE_LIBC_PTHREAD  -fPIC  -o CMakeFiles/cmTC_35783.dir/src.c.o -c /home/jetson/LinuxVulkan/build/CMakeFiles/CMakeTmp/src.c
Linking C executable cmTC_35783
/usr/local/bin/cmake -E cmake_link_script CMakeFiles/cmTC_35783.dir/link.txt --verbose=1
/usr/bin/cc -fPIC  CMakeFiles/cmTC_35783.dir/src.c.o -o cmTC_35783 
CMakeFiles/cmTC_35783.dir/src.c.o: In function `main':
src.c:(.text+0x48): undefined reference to `pthread_create'
src.c:(.text+0x50): undefined reference to `pthread_detach'
src.c:(.text+0x58): undefined reference to `pthread_cancel'
src.c:(.text+0x64): undefined reference to `pthread_join'
src.c:(.text+0x74): undefined reference to `pthread_atfork'
collect2: error: ld returned 1 exit status
CMakeFiles/cmTC_35783.dir/build.make:98: recipe for target 'cmTC_35783' failed
make[1]: *** [cmTC_35783] Error 1
make[1]: Leaving directory '/home/jetson/LinuxVulkan/build/CMakeFiles/CMakeTmp'
Makefile:127: recipe for target 'cmTC_35783/fast' failed
make: *** [cmTC_35783/fast] Error 2


Source file was:
#include <pthread.h>

static void* test_func(void* data)
{
  return data;
}

int main(void)
{
  pthread_t thread;
  pthread_create(&thread, NULL, test_func, NULL);
  pthread_detach(thread);
  pthread_cancel(thread);
  pthread_join(thread, NULL);
  pthread_atfork(NULL, NULL, NULL);
  pthread_exit(NULL);

  return 0;
}

Determining if the function pthread_create exists in the pthreads failed with the following output:
Change Dir: /home/jetson/LinuxVulkan/build/CMakeFiles/CMakeTmp

Run Build Command(s):/usr/bin/make -f Makefile cmTC_2da3c/fast && /usr/bin/make  -f CMakeFiles/cmTC_2da3c.dir/build.make CMakeFiles/cmTC_2da3c.dir/build
make[1]: Entering directory '/home/jetson/LinuxVulkan/build/CMakeFiles/CMakeTmp'
Building C object CMakeFiles/cmTC_2da3c.dir/CheckFunctionExists.c.o
/usr/bin/cc   -fPIC -DCHECK_FUNCTION_EXISTS=pthread_create -o CMakeFiles/cmTC_2da3c.dir/CheckFunctionExists.c.o -c /usr/local/share/cmake-3.21/Modules/CheckFunctionExists.c
Linking C executable cmTC_2da3c
/usr/local/bin/cmake -E cmake_link_script CMakeFiles/cmTC_2da3c.dir/link.txt --verbose=1
/usr/bin/cc -fPIC -DCHECK_FUNCTION_EXISTS=pthread_create CMakeFiles/cmTC_2da3c.dir/CheckFunctionExists.c.o -o cmTC_2da3c  -lpthreads 
/usr/bin/ld: cannot find -lpthreads
collect2: error: ld returned 1 exit status
CMakeFiles/cmTC_2da3c.dir/build.make:98: recipe for target 'cmTC_2da3c' failed
make[1]: *** [cmTC_2da3c] Error 1
make[1]: Leaving directory '/home/jetson/LinuxVulkan/build/CMakeFiles/CMakeTmp'
Makefile:127: recipe for target 'cmTC_2da3c/fast' failed
make: *** [cmTC_2da3c/fast] Error 2



